<?xml version="1.0" encoding="UTF-8"?>
<!-- Generated by org.testng.reporters.JUnitReportReporter -->
<testsuite hostname="DESKTOP-6K3KQ0H" failures="0" tests="1" name="sdet_FirstClass.AttachDocument" time="53.237" errors="0" timestamp="2024-10-19T02:48:16 IST" skipped="0">
  <testcase classname="sdet_FirstClass.AttachDocument" name="deleteLegalMethod" time="53.237"/>
  <system-out/>
</testsuite> <!-- sdet_FirstClass.AttachDocument -->
