<?xml version="1.0" encoding="UTF-8"?>
<!-- Generated by org.testng.reporters.JUnitReportReporter -->
<testsuite hostname="DESKTOP-6K3KQ0H" failures="0" tests="1" name="sdet_FirstClass.EditOrder" time="48.719" errors="0" timestamp="2024-10-16T01:09:54 IST" skipped="0">
  <testcase classname="sdet_FirstClass.EditOrder" name="editOrderMthd" time="48.719"/>
  <system-out/>
</testsuite> <!-- sdet_FirstClass.EditOrder -->
