<?xml version="1.0" encoding="UTF-8"?>
<!-- Generated by org.testng.reporters.JUnitReportReporter -->
<testsuite hostname="DESKTOP-6K3KQ0H" failures="0" tests="1" name="sprint6_Gokul.CreateFollowUpTask59" time="142.699" errors="0" timestamp="2024-11-05T10:13:02 IST" skipped="0">
  <testcase classname="sprint6_Gokul.CreateFollowUpTask59" name="createFollowUpMethod" time="142.699"/>
  <system-out/>
</testsuite> <!-- sprint6_Gokul.CreateFollowUpTask59 -->
