<?xml version="1.0" encoding="UTF-8"?>
<!-- Generated by org.testng.reporters.JUnitReportReporter -->
<testsuite hostname="DESKTOP-6K3KQ0H" failures="0" tests="1" name="sdet_FirstClass.SortName" time="90.398" errors="0" timestamp="2024-10-13T15:43:47 IST" skipped="0">
  <testcase classname="sdet_FirstClass.SortName" name="createAccMthd" time="90.398"/>
  <system-out/>
</testsuite> <!-- sdet_FirstClass.SortName -->
