<?xml version="1.0" encoding="UTF-8"?>
<!-- Generated by org.testng.reporters.JUnitReportReporter -->
<testsuite hostname="Rajesh" failures="0" tests="1" name="sprint6_Test_Rajesh.S6_70_Create_Leads_Without_Mandatory_Fields" time="59.789" errors="0" timestamp="2024-10-20T11:32:33 IST" skipped="0">
  <testcase classname="sprint6_Test_Rajesh.S6_70_Create_Leads_Without_Mandatory_Fields" name="testCase_S6_70_Create_Leads_Without_Mandatory_Fields" time="59.789"/>
  <system-out/>
</testsuite> <!-- sprint6_Test_Rajesh.S6_70_Create_Leads_Without_Mandatory_Fields -->
