<?xml version="1.0" encoding="UTF-8"?>
<!-- Generated by org.testng.reporters.JUnitReportReporter -->
<testsuite hostname="DESKTOP-6K3KQ0H" failures="0" tests="1" name="sdet_FirstClass.EditOpportunity" time="73.096" errors="0" timestamp="2024-10-12T13:51:19 IST" skipped="0">
  <testcase classname="sdet_FirstClass.EditOpportunity" name="editOppMethod" time="73.096"/>
  <system-out/>
</testsuite> <!-- sdet_FirstClass.EditOpportunity -->
