<?xml version="1.0" encoding="UTF-8"?>
<!-- Generated by org.testng.reporters.JUnitReportReporter -->
<testsuite hostname="DESKTOP-6K3KQ0H" failures="0" tests="1" name="sdet_FirstClass.NewOpportunity" time="51.090" errors="0" timestamp="2024-10-12T01:58:19 IST" skipped="0">
  <testcase classname="sdet_FirstClass.NewOpportunity" name="newOppMethod" time="51.090"/>
  <system-out/>
</testsuite> <!-- sdet_FirstClass.NewOpportunity -->
