<?xml version="1.0" encoding="UTF-8"?>
<!-- Generated by org.testng.reporters.JUnitReportReporter -->
<testsuite hostname="Rajesh" failures="0" tests="1" name="sprint6_Test_Rajesh.S6_037_VerifyAppStoreLoadedToDownloadSalesForceAStory" time="52.090" errors="0" timestamp="2024-10-29T16:54:02 IST" skipped="0">
  <testcase classname="sprint6_Test_Rajesh.S6_037_VerifyAppStoreLoadedToDownloadSalesForceAStory" name="testCase_S6_037_VerifyAppStoreLoadedToDownloadSalesForceAStory" time="52.090"/>
  <system-out/>
</testsuite> <!-- sprint6_Test_Rajesh.S6_037_VerifyAppStoreLoadedToDownloadSalesForceAStory -->
