<?xml version="1.0" encoding="UTF-8"?>
<!-- Generated by org.testng.reporters.JUnitReportReporter -->
<testsuite hostname="DESKTOP-6K3KQ0H" failures="0" tests="1" name="sdet_FirstClass.DeleteLegalEntity" time="61.487" errors="0" timestamp="2024-10-13T01:29:06 IST" skipped="0">
  <testcase classname="sdet_FirstClass.DeleteLegalEntity" name="deleteLegalMethod" time="61.487"/>
  <system-out/>
</testsuite> <!-- sdet_FirstClass.DeleteLegalEntity -->
