<?xml version="1.0" encoding="UTF-8"?>
<!-- Generated by org.testng.reporters.JUnitReportReporter -->
<testsuite hostname="DESKTOP-6K3KQ0H" failures="0" tests="1" name="sdet_FirstClass.CreateAccount" time="61.665" errors="0" timestamp="2024-10-09T19:52:54 IST" skipped="0">
  <testcase classname="sdet_FirstClass.CreateAccount" name="createAccMthd" time="61.665"/>
  <system-out/>
</testsuite> <!-- sdet_FirstClass.CreateAccount -->
