<?xml version="1.0" encoding="UTF-8"?>
<!-- Generated by org.testng.reporters.JUnitReportReporter -->
<testsuite hostname="DESKTOP-6K3KQ0H" failures="0" tests="1" name="sprint6_Gokul.EditTask60" time="56.280" errors="0" timestamp="2024-11-09T03:24:38 IST" skipped="0">
  <testcase classname="sprint6_Gokul.EditTask60" name="editTaskMethod" time="56.280"/>
  <system-out/>
</testsuite> <!-- sprint6_Gokul.EditTask60 -->
