<?xml version="1.0" encoding="UTF-8"?>
<!-- Generated by org.testng.reporters.JUnitReportReporter -->
<testsuite hostname="DESKTOP-6K3KQ0H" failures="0" tests="1" name="sprint6_Gokul.PostedDeleted_82" time="14.738" errors="0" timestamp="2024-11-06T02:12:12 IST" skipped="0">
  <testcase classname="sprint6_Gokul.PostedDeleted_82" name="postedDeletedMethod" time="14.738"/>
  <system-out/>
</testsuite> <!-- sprint6_Gokul.PostedDeleted_82 -->
