<?xml version="1.0" encoding="UTF-8"?>
<!-- Generated by org.testng.reporters.JUnitReportReporter -->
<testsuite hostname="Rajesh" failures="0" tests="2" name="sprint6_Test_Rajesh.S6_053_AddProductWithOpportunity" time="93.203" errors="0" timestamp="2024-10-29T16:54:02 IST" skipped="1">
  <testcase classname="sprint6_Test_Rajesh.S6_053_AddProductWithOpportunity" name="testCase_S6_053_verify_AddProductWithOpportunity" time="39.129"/>
  <system-out/>
  <testcase classname="sprint6_Test_Rajesh.S6_053_AddProductWithOpportunity" name="testCase_S6_053_verify_AddProductWithOpportunity" time="54.074">
    <skipped/>
  </testcase> <!-- testCase_S6_053_verify_AddProductWithOpportunity -->
  <system-out/>
</testsuite> <!-- sprint6_Test_Rajesh.S6_053_AddProductWithOpportunity -->
