<?xml version="1.0" encoding="UTF-8"?>
<!-- Generated by org.testng.reporters.JUnitReportReporter -->
<testsuite hostname="DESKTOP-6K3KQ0H" failures="0" tests="1" name="sprint6_Gokul.TestClass" time="0.009" errors="0" timestamp="2024-10-20T17:30:56 IST" skipped="0">
  <testcase classname="sprint6_Gokul.TestClass" name="simplemthod" time="0.009"/>
  <system-out/>
</testsuite> <!-- sprint6_Gokul.TestClass -->
