<?xml version="1.0" encoding="UTF-8"?>
<!-- Generated by org.testng.reporters.JUnitReportReporter -->
<testsuite hostname="DESKTOP-6K3KQ0H" failures="0" tests="1" name="sprint6_Gokul.PostedDeleted_82" time="42.283" errors="0" timestamp="2024-11-09T02:19:47 IST" skipped="0">
  <testcase classname="sprint6_Gokul.PostedDeleted_82" name="postedDeletedMethod" time="42.283"/>
  <system-out/>
</testsuite> <!-- sprint6_Gokul.PostedDeleted_82 -->
