<?xml version="1.0" encoding="UTF-8"?>
<!-- Generated by org.testng.reporters.JUnitReportReporter -->
<testsuite hostname="Rajesh" failures="0" tests="1" name="sprint6_Test_Rajesh.S6_031_verify_Dashboards_SortOrder_By_DashboardName" time="33.618" errors="0" timestamp="2024-10-29T16:54:02 IST" skipped="0">
  <testcase classname="sprint6_Test_Rajesh.S6_031_verify_Dashboards_SortOrder_By_DashboardName" name="testCase_S6_031_verify_Dashboards_SortOrder_By_DashboardName" time="33.618"/>
  <system-out/>
</testsuite> <!-- sprint6_Test_Rajesh.S6_031_verify_Dashboards_SortOrder_By_DashboardName -->
