<?xml version="1.0" encoding="UTF-8"?>
<!-- Generated by org.testng.reporters.JUnitReportReporter -->
<testsuite hostname="DESKTOP-6K3KQ0H" failures="0" tests="1" name="sprint6_Gokul.CustomerServiceOptions33" time="23.004" errors="0" timestamp="2024-10-24T23:52:34 IST" skipped="0">
  <testcase classname="sprint6_Gokul.CustomerServiceOptions33" name="customerServiceMethod" time="23.004"/>
  <system-out/>
</testsuite> <!-- sprint6_Gokul.CustomerServiceOptions33 -->
