<?xml version="1.0" encoding="UTF-8"?>
<!-- Generated by org.testng.reporters.JUnitReportReporter -->
<testsuite hostname="DESKTOP-6K3KQ0H" failures="0" tests="1" name="sprint6_Gokul.ClassicNewAccount81" time="24.130" errors="0" timestamp="2024-11-06T03:04:07 IST" skipped="0">
  <testcase classname="sprint6_Gokul.ClassicNewAccount81" name="newAccountMethod" time="24.130"/>
  <system-out/>
</testsuite> <!-- sprint6_Gokul.ClassicNewAccount81 -->
