<?xml version="1.0" encoding="UTF-8"?>
<!-- Generated by org.testng.reporters.JUnitReportReporter -->
<testsuite hostname="DESKTOP-6K3KQ0H" failures="0" tests="1" name="sdet_FirstClass.UpdateContacts" time="71.712" errors="0" timestamp="2024-10-13T00:31:43 IST" skipped="0">
  <testcase classname="sdet_FirstClass.UpdateContacts" name="editOppMethod" time="71.712"/>
  <system-out/>
</testsuite> <!-- sdet_FirstClass.UpdateContacts -->
