<?xml version="1.0" encoding="UTF-8"?>
<!-- Generated by org.testng.reporters.JUnitReportReporter -->
<testsuite hostname="Rajesh" failures="0" tests="3" name="sprint6_Test_Rajesh.S6_70_Create_Leads_Without_Mandatory_Fields" time="36.741" errors="0" timestamp="2024-10-29T16:54:02 IST" skipped="2">
  <testcase classname="sprint6_Test_Rajesh.S6_70_Create_Leads_Without_Mandatory_Fields" name="testCase_S6_70_Create_Leads_Without_Mandatory_Fields" time="11.790">
    <skipped/>
  </testcase> <!-- testCase_S6_70_Create_Leads_Without_Mandatory_Fields -->
  <system-out/>
  <testcase classname="sprint6_Test_Rajesh.S6_70_Create_Leads_Without_Mandatory_Fields" name="testCase_S6_70_Create_Leads_Without_Mandatory_Fields" time="10.644">
    <skipped/>
  </testcase> <!-- testCase_S6_70_Create_Leads_Without_Mandatory_Fields -->
  <system-out/>
  <testcase classname="sprint6_Test_Rajesh.S6_70_Create_Leads_Without_Mandatory_Fields" name="testCase_S6_70_Create_Leads_Without_Mandatory_Fields" time="14.307"/>
  <system-out/>
</testsuite> <!-- sprint6_Test_Rajesh.S6_70_Create_Leads_Without_Mandatory_Fields -->
