<?xml version="1.0" encoding="UTF-8"?>
<!-- Generated by org.testng.reporters.JUnitReportReporter -->
<testsuite hostname="DESKTOP-6K3KQ0H" failures="0" tests="1" name="sprint6_Gokul.NbaPlayerExp" time="50.521" errors="0" timestamp="2024-10-28T10:35:08 IST" skipped="0">
  <testcase classname="sprint6_Gokul.NbaPlayerExp" name="playerExp" time="50.521"/>
  <system-out/>
</testsuite> <!-- sprint6_Gokul.NbaPlayerExp -->
