<?xml version="1.0" encoding="UTF-8"?>
<!-- Generated by org.testng.reporters.JUnitReportReporter -->
<testsuite hostname="Rajesh" failures="0" tests="1" name="sprint6_Gokul.SortOrderByName09" time="106.383" errors="0" timestamp="2024-10-28T22:08:38 IST" skipped="0">
  <testcase classname="sprint6_Gokul.SortOrderByName09" name="createAccMthd" time="106.383"/>
  <system-out/>
</testsuite> <!-- sprint6_Gokul.SortOrderByName09 -->
