<?xml version="1.0" encoding="UTF-8"?>
<!-- Generated by org.testng.reporters.JUnitReportReporter -->
<testsuite hostname="Rajesh" failures="0" tests="2" name="sprint6_Test_Rajesh.S6_025_Create_LegalEntity_Without_MandatoryFields" time="93.037" errors="0" timestamp="2024-10-29T16:54:02 IST" skipped="1">
  <testcase classname="sprint6_Test_Rajesh.S6_025_Create_LegalEntity_Without_MandatoryFields" name="testCase_S6_025_createLegalEntityWithoutMandatoryFields" time="65.959">
    <skipped/>
  </testcase> <!-- testCase_S6_025_createLegalEntityWithoutMandatoryFields -->
  <system-out/>
  <testcase classname="sprint6_Test_Rajesh.S6_025_Create_LegalEntity_Without_MandatoryFields" name="testCase_S6_025_createLegalEntityWithoutMandatoryFields" time="27.078"/>
  <system-out/>
</testsuite> <!-- sprint6_Test_Rajesh.S6_025_Create_LegalEntity_Without_MandatoryFields -->
