<?xml version="1.0" encoding="UTF-8"?>
<!-- Generated by org.testng.reporters.JUnitReportReporter -->
<testsuite hostname="Rajesh" failures="0" tests="2" name="sprint6_Test_Rajesh.NBATestCase" time="74.578" errors="0" timestamp="2024-10-29T16:54:02 IST" skipped="0">
  <testcase classname="sprint6_Test_Rajesh.NBATestCase" name="testCase_NBA" time="33.791"/>
  <system-out/>
  <testcase classname="sprint6_Test_Rajesh.NBATestCase" name="testCase_NBA" time="40.787"/>
  <system-out/>
</testsuite> <!-- sprint6_Test_Rajesh.NBATestCase -->
