<?xml version="1.0" encoding="UTF-8"?>
<!-- Generated by org.testng.reporters.JUnitReportReporter -->
<testsuite hostname="DESKTOP-6K3KQ0H" failures="0" tests="1" name="sdet_FirstClass.DeleteAccount" time="53.818" errors="0" timestamp="2024-10-09T19:54:00 IST" skipped="0">
  <testcase classname="sdet_FirstClass.DeleteAccount" name="deleteAccMethod" time="53.818"/>
  <system-out/>
</testsuite> <!-- sdet_FirstClass.DeleteAccount -->
