<?xml version="1.0" encoding="UTF-8"?>
<!-- Generated by org.testng.reporters.JUnitReportReporter -->
<testsuite hostname="DESKTOP-6K3KQ0H" failures="0" tests="1" name="sdet_FirstClass.Login_method" time="30.786" errors="0" timestamp="2024-10-06T17:42:25 IST" skipped="0">
  <testcase classname="sdet_FirstClass.Login_method" name="method1" time="30.786"/>
  <system-out/>
</testsuite> <!-- sdet_FirstClass.Login_method -->
