<?xml version="1.0" encoding="UTF-8"?>
<!-- Generated by org.testng.reporters.JUnitReportReporter -->
<testsuite hostname="Rajesh" failures="0" tests="2" name="sprint6_Test_Rajesh.S6_013_Create_Case_Without_Mandatory_Fields" time="42.419" errors="0" timestamp="2024-10-20T11:34:32 IST" skipped="1">
  <testcase classname="sprint6_Test_Rajesh.S6_013_Create_Case_Without_Mandatory_Fields" name="testCase_S6_013_Create_Case_Without_Mandatory_Fields" time="16.137"/>
  <system-out/>
  <testcase classname="sprint6_Test_Rajesh.S6_013_Create_Case_Without_Mandatory_Fields" name="testCase_S6_013_Create_Case_Without_Mandatory_Fields" time="26.282">
    <skipped/>
  </testcase> <!-- testCase_S6_013_Create_Case_Without_Mandatory_Fields -->
  <system-out/>
</testsuite> <!-- sprint6_Test_Rajesh.S6_013_Create_Case_Without_Mandatory_Fields -->
