<?xml version="1.0" encoding="UTF-8"?>
<!-- Generated by org.testng.reporters.JUnitReportReporter -->
<testsuite hostname="DESKTOP-6K3KQ0H" failures="0" tests="1" name="sdet_FirstClass.CustomerServiceOption" time="22.594" errors="0" timestamp="2024-10-13T18:39:06 IST" skipped="0">
  <testcase classname="sdet_FirstClass.CustomerServiceOption" name="customerServiceMethod" time="22.594"/>
  <system-out/>
</testsuite> <!-- sdet_FirstClass.CustomerServiceOption -->
