<?xml version="1.0" encoding="UTF-8"?>
<!-- Generated by org.testng.reporters.JUnitReportReporter -->
<testsuite hostname="DESKTOP-6K3KQ0H" failures="0" tests="1" name="sdet_FirstClass.CreateCampaign" time="76.406" errors="0" timestamp="2024-10-18T08:24:38 IST" skipped="0">
  <testcase classname="sdet_FirstClass.CreateCampaign" name="deleteLegalMethod" time="76.406"/>
  <system-out/>
</testsuite> <!-- sdet_FirstClass.CreateCampaign -->
