<?xml version="1.0" encoding="UTF-8"?>
<!-- Generated by org.testng.reporters.JUnitReportReporter -->
<testsuite hostname="DESKTOP-6K3KQ0H" failures="0" tests="1" name="sdet_FirstClass.subseq" time="0.007" errors="0" timestamp="2024-10-15T14:54:14 IST" skipped="0">
  <testcase classname="sdet_FirstClass.subseq" name="method1" time="0.007"/>
  <system-out/>
</testsuite> <!-- sdet_FirstClass.subseq -->
