<?xml version="1.0" encoding="UTF-8"?>
<!-- Generated by org.testng.reporters.JUnitReportReporter -->
<testsuite hostname="DESKTOP-6K3KQ0H" failures="0" tests="1" name="sprint6_Gokul.DeleteAccount03" time="58.913" errors="0" timestamp="2024-10-20T17:07:10 IST" skipped="0">
  <testcase classname="sprint6_Gokul.DeleteAccount03" name="deleteAccMethod" time="58.913"/>
  <system-out/>
</testsuite> <!-- sprint6_Gokul.DeleteAccount03 -->
